Started by user [8mha:////4JLemD6PK/LdMe4y2Kwr2IYZVVA2m2ME7QLPiZTPO246AAAAnB+LCAAAAAAAAP9b85aBtbiIQTGjNKU4P08vOT+vOD8nVc83PyU1x6OyILUoJzMv2y+/JJUBAhiZGBgqihhk0NSjKDWzXb3RdlLBUSYGJk8GtpzUvPSSDB8G5tKinBIGIZ+sxLJE/ZzEvHT94JKizLx0a6BxUmjGOUNodHsLgAzuEgYB/dLi1CL95IyCosTsxMTiDAAFuqWdxQAAAA==[0mCh Prakaash
Running as SYSTEM
Building in workspace /home/ubuntu/.jenkins/workspace/Development
No credentials specified
 > git rev-parse --is-inside-work-tree # timeout=10
Fetching changes from the remote Git repository
 > git config remote.origin.url https://github.com/intelliqittrainings/maven.git # timeout=10
Fetching upstream changes from https://github.com/intelliqittrainings/maven.git
 > git --version # timeout=10
 > git fetch --tags --progress -- https://github.com/intelliqittrainings/maven.git +refs/heads/*:refs/remotes/origin/* # timeout=10
 > git rev-parse refs/remotes/origin/master^{commit} # timeout=10
 > git rev-parse refs/remotes/origin/origin/master^{commit} # timeout=10
Checking out Revision e8baa88dc234936546fe4d4ce3c68b09ad1dae1a (refs/remotes/origin/master)
 > git config core.sparsecheckout # timeout=10
 > git checkout -f e8baa88dc234936546fe4d4ce3c68b09ad1dae1a # timeout=10
Commit message: "zsd"
 > git rev-list --no-walk e8baa88dc234936546fe4d4ce3c68b09ad1dae1a # timeout=10
[Development] $ mvn package
[[1;34mINFO[m] Scanning for projects...
[[1;33mWARNING[m] 
[[1;33mWARNING[m] Some problems were encountered while building the effective model for com.example.maven-project:server:jar:1.0-SNAPSHOT
[[1;33mWARNING[m] Reporting configuration should be done in <reporting> section, not in maven-site-plugin <configuration> as reportPlugins parameter.
[[1;33mWARNING[m] 
[[1;33mWARNING[m] Some problems were encountered while building the effective model for com.example.maven-project:webapp:war:1.0-SNAPSHOT
[[1;33mWARNING[m] Reporting configuration should be done in <reporting> section, not in maven-site-plugin <configuration> as reportPlugins parameter.
[[1;33mWARNING[m] 
[[1;33mWARNING[m] Some problems were encountered while building the effective model for com.example.maven-project:maven-project:pom:1.0-SNAPSHOT
[[1;33mWARNING[m] Reporting configuration should be done in <reporting> section, not in maven-site-plugin <configuration> as reportPlugins parameter. @ line 56, column 24
[[1;33mWARNING[m] 
[[1;33mWARNING[m] It is highly recommended to fix these problems because they threaten the stability of your build.
[[1;33mWARNING[m] 
[[1;33mWARNING[m] For this reason, future Maven versions might no longer support building such malformed projects.
[[1;33mWARNING[m] 
[[1;33mWARNING[m] The project com.example.maven-project:maven-project:pom:1.0-SNAPSHOT uses prerequisites which is only intended for maven-plugin projects but not for non maven-plugin projects. For such purposes you should use the maven-enforcer-plugin. See https://maven.apache.org/enforcer/enforcer-rules/requireMavenVersion.html
[[1;34mINFO[m] [1m------------------------------------------------------------------------[m
[[1;34mINFO[m] [1mReactor Build Order:[m
[[1;34mINFO[m] 
[[1;34mINFO[m] Maven Project                                                      [pom]
[[1;34mINFO[m] Server                                                             [jar]
[[1;34mINFO[m] Webapp                                                             [war]
[[1;34mINFO[m] 
[[1;34mINFO[m] [1m--------------< [0;36mcom.example.maven-project:maven-project[0;1m >---------------[m
[[1;34mINFO[m] [1mBuilding Maven Project 1.0-SNAPSHOT                                [1/3][m
[[1;34mINFO[m] [1m--------------------------------[ pom ]---------------------------------[m
[[1;34mINFO[m] 
[[1;34mINFO[m] [1m------------------< [0;36mcom.example.maven-project:server[0;1m >------------------[m
[[1;34mINFO[m] [1mBuilding Server 1.0-SNAPSHOT                                       [2/3][m
[[1;34mINFO[m] [1m--------------------------------[ jar ]---------------------------------[m
[[1;34mINFO[m] 
[[1;34mINFO[m] [1m--- [0;32mmaven-resources-plugin:2.5:resources[m [1m(default-resources)[m @ [36mserver[0;1m ---[m
[debug] execute contextualize
[[1;34mINFO[m] Using 'utf-8' encoding to copy filtered resources.
[[1;34mINFO[m] skip non existing resourceDirectory /home/ubuntu/.jenkins/workspace/Development/server/src/main/resources
[[1;34mINFO[m] 
[[1;34mINFO[m] [1m--- [0;32mmaven-compiler-plugin:2.3.2:compile[m [1m(default-compile)[m @ [36mserver[0;1m ---[m
[[1;34mINFO[m] Nothing to compile - all classes are up to date
[[1;34mINFO[m] 
[[1;34mINFO[m] [1m--- [0;32mmaven-resources-plugin:2.5:testResources[m [1m(default-testResources)[m @ [36mserver[0;1m ---[m
[debug] execute contextualize
[[1;34mINFO[m] Using 'utf-8' encoding to copy filtered resources.
[[1;34mINFO[m] skip non existing resourceDirectory /home/ubuntu/.jenkins/workspace/Development/server/src/test/resources
[[1;34mINFO[m] 
[[1;34mINFO[m] [1m--- [0;32mmaven-compiler-plugin:2.3.2:testCompile[m [1m(default-testCompile)[m @ [36mserver[0;1m ---[m
[[1;34mINFO[m] Nothing to compile - all classes are up to date
[[1;34mINFO[m] 
[[1;34mINFO[m] [1m--- [0;32mmaven-surefire-plugin:2.11:test[m [1m(default-test)[m @ [36mserver[0;1m ---[m
[[1;34mINFO[m] Surefire report directory: /home/ubuntu/.jenkins/workspace/Development/server/target/surefire-reports

-------------------------------------------------------
 T E S T S
-------------------------------------------------------
Running com.example.TestGreeter
Tests run: 2, Failures: 0, Errors: 0, Skipped: 0, Time elapsed: 0.115 sec

Results :

Tests run: 2, Failures: 0, Errors: 0, Skipped: 0

[[1;34mINFO[m] 
[[1;34mINFO[m] [1m--- [0;32mmaven-jar-plugin:2.4:jar[m [1m(default-jar)[m @ [36mserver[0;1m ---[m
[[1;34mINFO[m] 
[[1;34mINFO[m] [1m------------------< [0;36mcom.example.maven-project:webapp[0;1m >------------------[m
[[1;34mINFO[m] [1mBuilding Webapp 1.0-SNAPSHOT                                       [3/3][m
[[1;34mINFO[m] [1m--------------------------------[ war ]---------------------------------[m
[[1;34mINFO[m] 
[[1;34mINFO[m] [1m--- [0;32mmaven-resources-plugin:2.5:resources[m [1m(default-resources)[m @ [36mwebapp[0;1m ---[m
[debug] execute contextualize
[[1;34mINFO[m] Using 'utf-8' encoding to copy filtered resources.
[[1;34mINFO[m] skip non existing resourceDirectory /home/ubuntu/.jenkins/workspace/Development/webapp/src/main/resources
[[1;34mINFO[m] 
[[1;34mINFO[m] [1m--- [0;32mmaven-compiler-plugin:2.3.2:compile[m [1m(default-compile)[m @ [36mwebapp[0;1m ---[m
[[1;34mINFO[m] No sources to compile
[[1;34mINFO[m] 
[[1;34mINFO[m] [1m--- [0;32mmaven-resources-plugin:2.5:testResources[m [1m(default-testResources)[m @ [36mwebapp[0;1m ---[m
[debug] execute contextualize
[[1;34mINFO[m] Using 'utf-8' encoding to copy filtered resources.
[[1;34mINFO[m] skip non existing resourceDirectory /home/ubuntu/.jenkins/workspace/Development/webapp/src/test/resources
[[1;34mINFO[m] 
[[1;34mINFO[m] [1m--- [0;32mmaven-compiler-plugin:2.3.2:testCompile[m [1m(default-testCompile)[m @ [36mwebapp[0;1m ---[m
[[1;34mINFO[m] No sources to compile
[[1;34mINFO[m] 
[[1;34mINFO[m] [1m--- [0;32mmaven-surefire-plugin:2.11:test[m [1m(default-test)[m @ [36mwebapp[0;1m ---[m
[[1;34mINFO[m] No tests to run.
[[1;34mINFO[m] Surefire report directory: /home/ubuntu/.jenkins/workspace/Development/webapp/target/surefire-reports

-------------------------------------------------------
 T E S T S
-------------------------------------------------------

Results :

Tests run: 0, Failures: 0, Errors: 0, Skipped: 0

[[1;34mINFO[m] 
[[1;34mINFO[m] [1m--- [0;32mmaven-war-plugin:2.2:war[m [1m(default-war)[m @ [36mwebapp[0;1m ---[m
[[1;34mINFO[m] Packaging webapp
[[1;34mINFO[m] Assembling webapp [webapp] in [/home/ubuntu/.jenkins/workspace/Development/webapp/target/webapp]
[[1;34mINFO[m] Processing war project
[[1;34mINFO[m] Copying webapp resources [/home/ubuntu/.jenkins/workspace/Development/webapp/src/main/webapp]
[[1;34mINFO[m] Webapp assembled in [33 msecs]
[[1;34mINFO[m] Building war: /home/ubuntu/.jenkins/workspace/Development/webapp/target/webapp.war
[[1;34mINFO[m] WEB-INF/web.xml already added, skipping
[[1;34mINFO[m] [1m------------------------------------------------------------------------[m
[[1;34mINFO[m] [1mReactor Summary for Maven Project 1.0-SNAPSHOT:[m
[[1;34mINFO[m] 
[[1;34mINFO[m] Maven Project ...................................... [1;32mSUCCESS[m [  0.002 s]
[[1;34mINFO[m] Server ............................................. [1;32mSUCCESS[m [  2.339 s]
[[1;34mINFO[m] Webapp ............................................. [1;32mSUCCESS[m [  0.790 s]
[[1;34mINFO[m] [1m------------------------------------------------------------------------[m
[[1;34mINFO[m] [1;32mBUILD SUCCESS[m
[[1;34mINFO[m] [1m------------------------------------------------------------------------[m
[[1;34mINFO[m] Total time:  3.427 s
[[1;34mINFO[m] Finished at: 2019-12-13T06:43:28Z
[[1;34mINFO[m] [1m------------------------------------------------------------------------[m
[DeployPublisher][INFO] Attempting to deploy 1 war file(s)
[DeployPublisher][INFO] Deploying /home/ubuntu/.jenkins/workspace/Development/webapp/target/webapp.war to container Tomcat 8.x Remote with context testapp
ERROR: Build step failed with exception
org.codehaus.cargo.container.ContainerException: Failed to redeploy [/home/ubuntu/.jenkins/workspace/Development/webapp/target/webapp.war]
	at org.codehaus.cargo.container.tomcat.internal.AbstractTomcatManagerDeployer.redeploy(AbstractTomcatManagerDeployer.java:184)
	at hudson.plugins.deploy.CargoContainerAdapter.deploy(CargoContainerAdapter.java:81)
	at hudson.plugins.deploy.CargoContainerAdapter$DeployCallable.invoke(CargoContainerAdapter.java:167)
	at hudson.plugins.deploy.CargoContainerAdapter$DeployCallable.invoke(CargoContainerAdapter.java:136)
	at hudson.FilePath.act(FilePath.java:1078)
	at hudson.FilePath.act(FilePath.java:1061)
	at hudson.plugins.deploy.CargoContainerAdapter.redeployFile(CargoContainerAdapter.java:133)
	at hudson.plugins.deploy.PasswordProtectedAdapterCargo.redeployFile(PasswordProtectedAdapterCargo.java:95)
	at hudson.plugins.deploy.DeployPublisher.perform(DeployPublisher.java:113)
	at hudson.tasks.BuildStepCompatibilityLayer.perform(BuildStepCompatibilityLayer.java:79)
	at hudson.tasks.BuildStepMonitor$3.perform(BuildStepMonitor.java:45)
	at hudson.model.AbstractBuild$AbstractBuildExecution.perform(AbstractBuild.java:741)
	at hudson.model.AbstractBuild$AbstractBuildExecution.performAllBuildSteps(AbstractBuild.java:690)
	at hudson.model.Build$BuildExecution.post2(Build.java:186)
	at hudson.model.AbstractBuild$AbstractBuildExecution.post(AbstractBuild.java:635)
	at hudson.model.Run.execute(Run.java:1841)
	at hudson.model.FreeStyleBuild.run(FreeStyleBuild.java:43)
	at hudson.model.ResourceController.execute(ResourceController.java:97)
	at hudson.model.Executor.run(Executor.java:429)
Caused by: org.codehaus.cargo.container.tomcat.internal.TomcatManagerException: The username you provided is not allowed to use the text-based Tomcat Manager (error 403)
	at org.codehaus.cargo.container.tomcat.internal.TomcatManager.invoke(TomcatManager.java:710)
	at org.codehaus.cargo.container.tomcat.internal.TomcatManager.list(TomcatManager.java:882)
	at org.codehaus.cargo.container.tomcat.internal.TomcatManager.getStatus(TomcatManager.java:895)
	at org.codehaus.cargo.container.tomcat.internal.AbstractTomcatManagerDeployer.redeploy(AbstractTomcatManagerDeployer.java:169)
	... 18 more
Caused by: java.io.IOException: Server returned HTTP response code: 403 for URL: http://172.31.4.223:8080/manager/text/list
	at sun.net.www.protocol.http.HttpURLConnection.getInputStream0(HttpURLConnection.java:1900)
	at sun.net.www.protocol.http.HttpURLConnection.getInputStream(HttpURLConnection.java:1498)
	at org.codehaus.cargo.container.tomcat.internal.TomcatManager.invoke(TomcatManager.java:577)
	... 21 more
org.codehaus.cargo.container.tomcat.internal.TomcatManagerException: The username you provided is not allowed to use the text-based Tomcat Manager (error 403)
	at org.codehaus.cargo.container.tomcat.internal.TomcatManager.invoke(TomcatManager.java:710)
	at org.codehaus.cargo.container.tomcat.internal.TomcatManager.list(TomcatManager.java:882)
	at org.codehaus.cargo.container.tomcat.internal.TomcatManager.getStatus(TomcatManager.java:895)
	at org.codehaus.cargo.container.tomcat.internal.AbstractTomcatManagerDeployer.redeploy(AbstractTomcatManagerDeployer.java:169)
	at hudson.plugins.deploy.CargoContainerAdapter.deploy(CargoContainerAdapter.java:81)
	at hudson.plugins.deploy.CargoContainerAdapter$DeployCallable.invoke(CargoContainerAdapter.java:167)
	at hudson.plugins.deploy.CargoContainerAdapter$DeployCallable.invoke(CargoContainerAdapter.java:136)
	at hudson.FilePath.act(FilePath.java:1078)
	at hudson.FilePath.act(FilePath.java:1061)
	at hudson.plugins.deploy.CargoContainerAdapter.redeployFile(CargoContainerAdapter.java:133)
	at hudson.plugins.deploy.PasswordProtectedAdapterCargo.redeployFile(PasswordProtectedAdapterCargo.java:95)
	at hudson.plugins.deploy.DeployPublisher.perform(DeployPublisher.java:113)
	at hudson.tasks.BuildStepCompatibilityLayer.perform(BuildStepCompatibilityLayer.java:79)
	at hudson.tasks.BuildStepMonitor$3.perform(BuildStepMonitor.java:45)
	at hudson.model.AbstractBuild$AbstractBuildExecution.perform(AbstractBuild.java:741)
	at hudson.model.AbstractBuild$AbstractBuildExecution.performAllBuildSteps(AbstractBuild.java:690)
	at hudson.model.Build$BuildExecution.post2(Build.java:186)
	at hudson.model.AbstractBuild$AbstractBuildExecution.post(AbstractBuild.java:635)
	at hudson.model.Run.execute(Run.java:1841)
	at hudson.model.FreeStyleBuild.run(FreeStyleBuild.java:43)
	at hudson.model.ResourceController.execute(ResourceController.java:97)
	at hudson.model.Executor.run(Executor.java:429)
Caused by: java.io.IOException: Server returned HTTP response code: 403 for URL: http://172.31.4.223:8080/manager/text/list
	at sun.net.www.protocol.http.HttpURLConnection.getInputStream0(HttpURLConnection.java:1900)
	at sun.net.www.protocol.http.HttpURLConnection.getInputStream(HttpURLConnection.java:1498)
	at org.codehaus.cargo.container.tomcat.internal.TomcatManager.invoke(TomcatManager.java:577)
	... 21 more
Build step 'Deploy war/ear to a container' marked build as failure
Finished: FAILURE
